epoch 1/80 train_loss=0.3376 val_loss=0.3152 exact_match=0.0000 hamming=0.4588 macro_f1=0.2653
epoch 2/80 train_loss=0.3114 val_loss=0.3165 exact_match=0.0000 hamming=0.5218 macro_f1=0.3049
epoch 3/80 train_loss=0.2764 val_loss=0.3074 exact_match=0.0000 hamming=0.5680 macro_f1=0.3265
epoch 4/80 train_loss=0.2450 val_loss=0.3469 exact_match=0.0015 hamming=0.5931 macro_f1=0.3150
epoch 5/80 train_loss=0.2212 val_loss=0.3112 exact_match=0.0015 hamming=0.6164 macro_f1=0.3475
epoch 6/80 train_loss=0.1965 val_loss=0.3538 exact_match=0.0000 hamming=0.6169 macro_f1=0.3391
epoch 7/80 train_loss=0.1842 val_loss=0.3425 exact_match=0.0015 hamming=0.6368 macro_f1=0.3573
epoch 8/80 train_loss=0.1688 val_loss=0.3290 exact_match=0.0044 hamming=0.6635 macro_f1=0.3734
epoch 9/80 train_loss=0.1574 val_loss=0.3452 exact_match=0.0059 hamming=0.6724 macro_f1=0.3612
epoch 10/80 train_loss=0.1486 val_loss=0.3573 exact_match=0.0088 hamming=0.6834 macro_f1=0.3787
epoch 11/80 train_loss=0.1330 val_loss=0.3337 exact_match=0.0176 hamming=0.7124 macro_f1=0.4091
epoch 12/80 train_loss=0.1274 val_loss=0.3426 exact_match=0.0103 hamming=0.6780 macro_f1=0.3918
epoch 13/80 train_loss=0.1226 val_loss=0.3502 exact_match=0.0162 hamming=0.6933 macro_f1=0.3958
epoch 14/80 train_loss=0.1131 val_loss=0.3517 exact_match=0.0176 hamming=0.7210 macro_f1=0.4120
epoch 15/80 train_loss=0.1056 val_loss=0.3592 exact_match=0.0191 hamming=0.7259 macro_f1=0.4065
epoch 16/80 train_loss=0.1032 val_loss=0.3289 exact_match=0.0191 hamming=0.7110 macro_f1=0.4234
epoch 17/80 train_loss=0.0982 val_loss=0.3304 exact_match=0.0264 hamming=0.7360 macro_f1=0.4358
epoch 18/80 train_loss=0.0904 val_loss=0.3383 exact_match=0.0382 hamming=0.7374 macro_f1=0.4384
epoch 19/80 train_loss=0.0918 val_loss=0.3420 exact_match=0.0411 hamming=0.7546 macro_f1=0.4453
epoch 20/80 train_loss=0.0891 val_loss=0.3566 exact_match=0.0396 hamming=0.7416 macro_f1=0.4332
epoch 21/80 train_loss=0.0867 val_loss=0.3481 exact_match=0.0367 hamming=0.7463 macro_f1=0.4497
epoch 22/80 train_loss=0.0799 val_loss=0.3333 exact_match=0.0250 hamming=0.7476 macro_f1=0.4651
epoch 23/80 train_loss=0.0742 val_loss=0.3684 exact_match=0.0396 hamming=0.7468 macro_f1=0.4441
epoch 24/80 train_loss=0.0754 val_loss=0.3503 exact_match=0.0602 hamming=0.7605 macro_f1=0.4544
epoch 25/80 train_loss=0.0731 val_loss=0.3561 exact_match=0.0470 hamming=0.7653 macro_f1=0.4628
epoch 26/80 train_loss=0.0690 val_loss=0.3381 exact_match=0.0661 hamming=0.7687 macro_f1=0.4640
epoch 27/80 train_loss=0.0669 val_loss=0.3926 exact_match=0.0499 hamming=0.7501 macro_f1=0.4418
epoch 28/80 train_loss=0.0638 val_loss=0.3416 exact_match=0.0631 hamming=0.7803 macro_f1=0.4785
epoch 29/80 train_loss=0.0613 val_loss=0.3291 exact_match=0.0587 hamming=0.7756 macro_f1=0.4736
epoch 30/80 train_loss=0.0556 val_loss=0.3603 exact_match=0.0675 hamming=0.7775 macro_f1=0.4749
epoch 31/80 train_loss=0.0607 val_loss=0.3709 exact_match=0.0558 hamming=0.7643 macro_f1=0.4693
epoch 32/80 train_loss=0.0569 val_loss=0.3480 exact_match=0.1057 hamming=0.8021 macro_f1=0.4889
epoch 33/80 train_loss=0.0513 val_loss=0.3699 exact_match=0.0705 hamming=0.7774 macro_f1=0.4718
epoch 34/80 train_loss=0.0547 val_loss=0.3926 exact_match=0.0896 hamming=0.7885 macro_f1=0.4848
epoch 35/80 train_loss=0.0487 val_loss=0.3743 exact_match=0.1028 hamming=0.7980 macro_f1=0.4878
epoch 36/80 train_loss=0.0470 val_loss=0.3657 exact_match=0.0778 hamming=0.7885 macro_f1=0.4878
epoch 37/80 train_loss=0.0468 val_loss=0.3727 exact_match=0.1013 hamming=0.8007 macro_f1=0.4994
epoch 38/80 train_loss=0.0416 val_loss=0.3515 exact_match=0.1087 hamming=0.7974 macro_f1=0.4993
epoch 39/80 train_loss=0.0416 val_loss=0.3666 exact_match=0.1160 hamming=0.8018 macro_f1=0.4971
epoch 40/80 train_loss=0.0414 val_loss=0.3510 exact_match=0.1145 hamming=0.8073 macro_f1=0.5110
epoch 41/80 train_loss=0.0372 val_loss=0.3625 exact_match=0.1116 hamming=0.8114 macro_f1=0.5118
epoch 42/80 train_loss=0.0354 val_loss=0.3575 exact_match=0.1233 hamming=0.8164 macro_f1=0.5154
epoch 43/80 train_loss=0.0363 val_loss=0.3975 exact_match=0.0984 hamming=0.8106 macro_f1=0.5024
epoch 44/80 train_loss=0.0340 val_loss=0.3697 exact_match=0.1057 hamming=0.8080 macro_f1=0.5077
epoch 45/80 train_loss=0.0326 val_loss=0.3795 exact_match=0.1043 hamming=0.8122 macro_f1=0.5150
epoch 46/80 train_loss=0.0344 val_loss=0.4059 exact_match=0.1571 hamming=0.8256 macro_f1=0.5253
epoch 47/80 train_loss=0.0328 val_loss=0.3967 exact_match=0.1468 hamming=0.8211 macro_f1=0.5203
epoch 48/80 train_loss=0.0329 val_loss=0.3829 exact_match=0.1527 hamming=0.8239 macro_f1=0.5239
epoch 49/80 train_loss=0.0301 val_loss=0.3656 exact_match=0.1512 hamming=0.8245 macro_f1=0.5261
epoch 50/80 train_loss=0.0258 val_loss=0.3863 exact_match=0.1703 hamming=0.8343 macro_f1=0.5401
epoch 51/80 train_loss=0.0262 val_loss=0.4016 exact_match=0.1586 hamming=0.8310 macro_f1=0.5318
epoch 52/80 train_loss=0.0274 val_loss=0.3839 exact_match=0.1366 hamming=0.8256 macro_f1=0.5358
epoch 53/80 train_loss=0.0285 val_loss=0.3714 exact_match=0.1659 hamming=0.8302 macro_f1=0.5291
epoch 54/80 train_loss=0.0263 val_loss=0.3820 exact_match=0.1909 hamming=0.8385 macro_f1=0.5463
epoch 55/80 train_loss=0.0235 val_loss=0.4016 exact_match=0.1777 hamming=0.8338 macro_f1=0.5305
epoch 56/80 train_loss=0.0226 val_loss=0.3949 exact_match=0.1586 hamming=0.8271 macro_f1=0.5302
epoch 57/80 train_loss=0.0209 val_loss=0.3969 exact_match=0.1880 hamming=0.8407 macro_f1=0.5518
epoch 58/80 train_loss=0.0227 val_loss=0.4029 exact_match=0.1880 hamming=0.8420 macro_f1=0.5548
epoch 59/80 train_loss=0.0202 val_loss=0.4122 exact_match=0.1924 hamming=0.8465 macro_f1=0.5542
epoch 60/80 train_loss=0.0183 val_loss=0.4051 exact_match=0.1997 hamming=0.8470 macro_f1=0.5581
epoch 61/80 train_loss=0.0181 val_loss=0.3952 exact_match=0.1909 hamming=0.8440 macro_f1=0.5533
epoch 62/80 train_loss=0.0187 val_loss=0.4019 exact_match=0.2115 hamming=0.8505 macro_f1=0.5565
epoch 63/80 train_loss=0.0180 val_loss=0.4067 exact_match=0.2217 hamming=0.8538 macro_f1=0.5606
epoch 64/80 train_loss=0.0182 val_loss=0.4047 exact_match=0.2159 hamming=0.8558 macro_f1=0.5647
epoch 65/80 train_loss=0.0179 val_loss=0.3895 exact_match=0.2276 hamming=0.8535 macro_f1=0.5662
epoch 66/80 train_loss=0.0162 val_loss=0.3974 exact_match=0.2188 hamming=0.8527 macro_f1=0.5665
epoch 67/80 train_loss=0.0157 val_loss=0.4094 exact_match=0.2188 hamming=0.8514 macro_f1=0.5608
epoch 68/80 train_loss=0.0151 val_loss=0.4078 exact_match=0.2261 hamming=0.8565 macro_f1=0.5712
epoch 69/80 train_loss=0.0148 val_loss=0.4142 exact_match=0.2261 hamming=0.8557 macro_f1=0.5696
epoch 70/80 train_loss=0.0149 val_loss=0.4137 exact_match=0.2247 hamming=0.8539 macro_f1=0.5639
epoch 71/80 train_loss=0.0151 val_loss=0.4068 exact_match=0.2232 hamming=0.8535 macro_f1=0.5699
epoch 72/80 train_loss=0.0141 val_loss=0.4037 exact_match=0.2320 hamming=0.8573 macro_f1=0.5744
epoch 73/80 train_loss=0.0143 val_loss=0.4060 exact_match=0.2320 hamming=0.8572 macro_f1=0.5742
epoch 74/80 train_loss=0.0132 val_loss=0.4035 exact_match=0.2232 hamming=0.8546 macro_f1=0.5703
epoch 75/80 train_loss=0.0136 val_loss=0.4066 exact_match=0.2349 hamming=0.8576 macro_f1=0.5738
epoch 76/80 train_loss=0.0133 val_loss=0.4102 exact_match=0.2379 hamming=0.8573 macro_f1=0.5740
epoch 77/80 train_loss=0.0147 val_loss=0.4037 exact_match=0.2305 hamming=0.8562 macro_f1=0.5714
epoch 78/80 train_loss=0.0146 val_loss=0.4065 exact_match=0.2349 hamming=0.8579 macro_f1=0.5773
epoch 79/80 train_loss=0.0133 val_loss=0.4116 exact_match=0.2305 hamming=0.8560 macro_f1=0.5699
epoch 80/80 train_loss=0.0140 val_loss=0.4059 exact_match=0.2305 hamming=0.8539 macro_f1=0.5685
best checkpoint at epoch 78 with macro_f1=0.5773
final per-class accuracy:
  pen: 0.7695
  paper: 0.9104
  book: 0.8120
  clock: 0.8561
  phone: 0.8164
  laptop: 0.8664
  chair: 0.9046
  desk: 0.8972
  bottle: 0.8267
  keychain: 0.8076
  backpack: 0.9222
  calculator: 0.8576
final per-class f1:
  pen: 0.4530
  paper: 0.7289
  book: 0.4880
  clock: 0.4731
  phone: 0.4681
  laptop: 0.6459
  chair: 0.6766
  desk: 0.6354
  bottle: 0.5203
  keychain: 0.4178
  backpack: 0.7310
  calculator: 0.5837
cnn_model.pth
